==3065452== Cachegrind, a cache and branch-prediction profiler
==3065452== Copyright (C) 2002-2017, and GNU GPL'd, by Nicholas Nethercote et al.
==3065452== Using Valgrind-3.19.0 and LibVEX; rerun with -h for copyright info
==3065452== Command: ./src/lua ./fib_tail.lua
==3065452== 
--3065452-- warning: L3 cache found, using its data for the LL simulation.
--3065452-- warning: specified LL cache: line_size 64  assoc 16  total_size 12,582,912
--3065452-- warning: simulated LL cache: line_size 64  assoc 24  total_size 12,582,912
==3065452== 
==3065452== I   refs:      105,214,664,137
==3065452== I1  misses:            895,624
==3065452== LLi misses:              2,198
==3065452== I1  miss rate:            0.00%
==3065452== LLi miss rate:            0.00%
==3065452== 
==3065452== D   refs:       34,450,086,113  (22,774,999,134 rd   + 11,675,086,979 wr)
==3065452== D1  misses:          1,422,014  (     1,063,439 rd   +        358,575 wr)
==3065452== LLd misses:              3,887  (         2,628 rd   +          1,259 wr)
==3065452== D1  miss rate:             0.0% (           0.0%     +            0.0%  )
==3065452== LLd miss rate:             0.0% (           0.0%     +            0.0%  )
==3065452== 
==3065452== LL refs:             2,317,638  (     1,959,063 rd   +        358,575 wr)
==3065452== LL misses:               6,085  (         4,826 rd   +          1,259 wr)
==3065452== LL miss rate:              0.0% (           0.0%     +            0.0%  )
