
    29,648,618,021      L1-dcache-load-misses:u   #    4.54% of all L1-dcache accesses  (66.67%)
   652,910,723,818      L1-dcache-loads:u                                             (66.67%)
                 1      L1-dcache-prefetch-misses:u                                     (66.67%)
                 0      L1-dcache-prefetches:u                                        (66.67%)
    10,049,271,475      L1-dcache-store-misses:u                                      (66.67%)
   307,427,005,278      L1-dcache-stores:u                                            (66.67%)
       208,106,430      L1-icache-load-misses:u   #    0.04% of all L1-icache accesses  (50.00%)
   589,174,680,874      L1-icache-loads:u                                             (66.67%)
     1,281,619,433      LLC-load-misses:u         #   51.23% of all LL-cache accesses  (66.67%)
     2,501,692,070      LLC-loads:u                                                   (66.67%)
     2,094,091,054      LLC-prefetch-misses:u                                         (33.33%)
     3,325,723,834      LLC-prefetches:u                                              (33.33%)
       111,330,506      LLC-store-misses:u                                            (66.67%)
     2,065,412,994      LLC-stores:u                                                  (66.67%)
     7,459,904,561      branch-load-misses:u                                          (66.67%)
     7,660,596,440      branch-loads:u                                                (66.67%)
        89,104,069      dTLB-load-misses:u        #    0.01% of all dTLB cache accesses  (66.67%)
   653,017,494,245      dTLB-loads:u                                                  (66.67%)
        26,009,089      dTLB-store-misses:u                                           (66.67%)
   307,426,809,168      dTLB-stores:u                                                 (66.67%)
         3,726,978      iTLB-load-misses:u        #    0.00% of all iTLB cache accesses  (66.67%)
 1,597,377,558,730      iTLB-loads:u                                                  (66.67%)
             5,673      node-load-misses:u                                            (66.67%)
     1,281,565,573      node-loads:u                                                  (66.67%)
             7,941      node-prefetch-misses:u                                        (50.00%)
     2,097,695,102      node-prefetches:u                                             (50.00%)
                 0      node-store-misses:u                                           (50.00%)
       109,681,790      node-stores:u                                                 (50.00%)
