
     4,300,038,368      L1-dcache-load-misses:u   #   37.84% of all L1-dcache accesses  (66.67%)
    11,363,216,279      L1-dcache-loads:u                                             (66.67%)
               301      L1-dcache-prefetch-misses:u                                     (66.67%)
                 0      L1-dcache-prefetches:u                                        (66.67%)
       654,773,039      L1-dcache-store-misses:u                                      (66.67%)
     2,654,971,596      L1-dcache-stores:u                                            (66.67%)
           634,891      L1-icache-load-misses:u   #    0.00% of all L1-icache accesses  (50.00%)
    32,805,521,672      L1-icache-loads:u                                             (66.67%)
       295,808,535      LLC-load-misses:u         #   10.58% of all LL-cache accesses  (66.67%)
     2,797,138,578      LLC-loads:u                                                   (66.67%)
           996,650      LLC-prefetch-misses:u                                         (33.33%)
         5,110,828      LLC-prefetches:u                                              (33.33%)
        39,780,445      LLC-store-misses:u                                            (66.66%)
     1,934,152,430      LLC-stores:u                                                  (66.67%)
    11,011,225,979      branch-load-misses:u                                          (66.67%)
     5,825,195,123      branch-loads:u                                                (66.67%)
     1,444,097,732      dTLB-load-misses:u        #   12.71% of all dTLB cache accesses  (66.67%)
    11,363,234,621      dTLB-loads:u                                                  (66.67%)
       285,917,149      dTLB-store-misses:u                                           (66.66%)
     2,652,661,320      dTLB-stores:u                                                 (66.67%)
           401,912      iTLB-load-misses:u        #    0.00% of all iTLB cache accesses  (66.67%)
    34,382,850,822      iTLB-loads:u                                                  (66.67%)
             1,985      node-load-misses:u                                            (66.67%)
       290,274,218      node-loads:u                                                  (66.66%)
               491      node-prefetch-misses:u                                        (50.00%)
           955,146      node-prefetches:u                                             (50.00%)
                 0      node-store-misses:u                                           (50.00%)
        38,173,455      node-stores:u                                                 (50.00%)
